<?xml version="1.0" encoding="UTF-8"?>
<testng-results ignored="0" total="1" passed="1" failed="0" skipped="0">
  <reporter-output>
  </reporter-output>
  <suite started-at="2022-10-08T22:49:36 IST" name="Default suite" finished-at="2022-10-08T22:50:37 IST" duration-ms="61675">
    <groups>
    </groups>
    <test started-at="2022-10-08T22:49:36 IST" name="Default test" finished-at="2022-10-08T22:50:37 IST" duration-ms="61675">
      <class name="testScriptsRegression.TestScriptRegression1">
        <test-method is-config="true" signature="preCondition()[pri:0, instance:testScriptsRegression.TestScriptRegression1@71def8f8]" started-at="2022-10-08T22:49:36 IST" name="preCondition" finished-at="2022-10-08T22:50:08 IST" duration-ms="32142" status="PASS">
          <reporter-output>
          </reporter-output>
        </test-method> <!-- preCondition -->
        <test-method signature="verifyAndValidation()[pri:0, instance:testScriptsRegression.TestScriptRegression1@71def8f8]" started-at="2022-10-08T22:50:08 IST" name="verifyAndValidation" finished-at="2022-10-08T22:50:36 IST" duration-ms="28223" status="PASS">
          <reporter-output>
          </reporter-output>
        </test-method> <!-- verifyAndValidation -->
        <test-method is-config="true" signature="afterExecution()[pri:0, instance:testScriptsRegression.TestScriptRegression1@71def8f8]" started-at="2022-10-08T22:50:36 IST" name="afterExecution" finished-at="2022-10-08T22:50:37 IST" duration-ms="1203" status="PASS">
          <reporter-output>
          </reporter-output>
        </test-method> <!-- afterExecution -->
      </class> <!-- testScriptsRegression.TestScriptRegression1 -->
    </test> <!-- Default test -->
  </suite> <!-- Default suite -->
</testng-results>
